{"/Users/mdalpozzo/Desktop/hackreactor/CAPSTONE/marlin-product-reviews/client/src/reviewSection.jsx": {"path":"/Users/mdalpozzo/Desktop/hackreactor/CAPSTONE/marlin-product-reviews/client/src/reviewSection.jsx","statementMap":{"0":{"start":{"line":12,"column":4},"end":{"line":12,"column":17}},"1":{"start":{"line":13,"column":4},"end":{"line":15,"column":6}},"2":{"start":{"line":19,"column":4},"end":{"line":19,"column":19}},"3":{"start":{"line":23,"column":39},"end":{"line":23,"column":45}},"4":{"start":{"line":24,"column":22},"end":{"line":24,"column":60}},"5":{"start":{"line":25,"column":4},"end":{"line":29,"column":7}},"6":{"start":{"line":26,"column":6},"end":{"line":28,"column":9}},"7":{"start":{"line":33,"column":4},"end":{"line":56,"column":6}}},"fnMap":{"0":{"name":"(anonymous_0)","decl":{"start":{"line":11,"column":2},"end":{"line":11,"column":3}},"loc":{"start":{"line":11,"column":21},"end":{"line":16,"column":3}},"line":11},"1":{"name":"(anonymous_1)","decl":{"start":{"line":18,"column":2},"end":{"line":18,"column":3}},"loc":{"start":{"line":18,"column":22},"end":{"line":20,"column":3}},"line":18},"2":{"name":"(anonymous_2)","decl":{"start":{"line":22,"column":2},"end":{"line":22,"column":3}},"loc":{"start":{"line":22,"column":12},"end":{"line":30,"column":3}},"line":22},"3":{"name":"(anonymous_3)","decl":{"start":{"line":25,"column":38},"end":{"line":25,"column":39}},"loc":{"start":{"line":25,"column":48},"end":{"line":29,"column":5}},"line":25},"4":{"name":"(anonymous_4)","decl":{"start":{"line":32,"column":2},"end":{"line":32,"column":3}},"loc":{"start":{"line":32,"column":11},"end":{"line":57,"column":3}},"line":32}},"branchMap":{},"s":{"0":1,"1":1,"2":1,"3":1,"4":1,"5":1,"6":0,"7":1},"f":{"0":1,"1":1,"2":1,"3":0,"4":1},"b":{},"_coverageSchema":"332fd63041d2c1bcb487cc26dd0d5f7d97098a6c","hash":"ec64bcf2d1ff343e5d3bd843bd4c175bc28fd851"}
,"/Users/mdalpozzo/Desktop/hackreactor/CAPSTONE/marlin-product-reviews/client/src/components/customerImages.jsx": {"path":"/Users/mdalpozzo/Desktop/hackreactor/CAPSTONE/marlin-product-reviews/client/src/components/customerImages.jsx","statementMap":{"0":{"start":{"line":3,"column":23},"end":{"line":18,"column":1}},"1":{"start":{"line":4,"column":13},"end":{"line":4,"column":18}},"2":{"start":{"line":6,"column":2},"end":{"line":17,"column":4}}},"fnMap":{"0":{"name":"(anonymous_0)","decl":{"start":{"line":3,"column":23},"end":{"line":3,"column":24}},"loc":{"start":{"line":3,"column":34},"end":{"line":18,"column":1}},"line":3}},"branchMap":{},"s":{"0":1,"1":1,"2":1},"f":{"0":1},"b":{},"_coverageSchema":"332fd63041d2c1bcb487cc26dd0d5f7d97098a6c","hash":"b578d949da0afca4873d00ed95045029f35a03f8"}
,"/Users/mdalpozzo/Desktop/hackreactor/CAPSTONE/marlin-product-reviews/client/src/components/histogram.jsx": {"path":"/Users/mdalpozzo/Desktop/hackreactor/CAPSTONE/marlin-product-reviews/client/src/components/histogram.jsx","statementMap":{"0":{"start":{"line":3,"column":22},"end":{"line":88,"column":1}},"1":{"start":{"line":4,"column":22},"end":{"line":4,"column":27}},"2":{"start":{"line":6,"column":27},"end":{"line":14,"column":3}},"3":{"start":{"line":7,"column":20},"end":{"line":7,"column":21}},"4":{"start":{"line":8,"column":4},"end":{"line":12,"column":5}},"5":{"start":{"line":9,"column":6},"end":{"line":11,"column":7}},"6":{"start":{"line":10,"column":8},"end":{"line":10,"column":23}},"7":{"start":{"line":13,"column":4},"end":{"line":13,"column":46}},"8":{"start":{"line":16,"column":24},"end":{"line":26,"column":3}},"9":{"start":{"line":28,"column":33},"end":{"line":34,"column":3}},"10":{"start":{"line":29,"column":16},"end":{"line":29,"column":17}},"11":{"start":{"line":30,"column":4},"end":{"line":32,"column":5}},"12":{"start":{"line":31,"column":6},"end":{"line":31,"column":33}},"13":{"start":{"line":33,"column":4},"end":{"line":33,"column":34}},"14":{"start":{"line":36,"column":18},"end":{"line":36,"column":42}},"15":{"start":{"line":39,"column":4},"end":{"line":39,"column":35}},"16":{"start":{"line":42,"column":30},"end":{"line":42,"column":92}},"17":{"start":{"line":44,"column":2},"end":{"line":87,"column":4}}},"fnMap":{"0":{"name":"(anonymous_0)","decl":{"start":{"line":3,"column":22},"end":{"line":3,"column":23}},"loc":{"start":{"line":3,"column":33},"end":{"line":88,"column":1}},"line":3},"1":{"name":"(anonymous_1)","decl":{"start":{"line":6,"column":27},"end":{"line":6,"column":28}},"loc":{"start":{"line":6,"column":45},"end":{"line":14,"column":3}},"line":6},"2":{"name":"(anonymous_2)","decl":{"start":{"line":28,"column":33},"end":{"line":28,"column":34}},"loc":{"start":{"line":28,"column":39},"end":{"line":34,"column":3}},"line":28},"3":{"name":"roundToHalf","decl":{"start":{"line":38,"column":11},"end":{"line":38,"column":22}},"loc":{"start":{"line":38,"column":28},"end":{"line":40,"column":3}},"line":38}},"branchMap":{"0":{"loc":{"start":{"line":9,"column":6},"end":{"line":11,"column":7}},"type":"if","locations":[{"start":{"line":9,"column":6},"end":{"line":11,"column":7}},{"start":{"line":9,"column":6},"end":{"line":11,"column":7}}],"line":9}},"s":{"0":1,"1":1,"2":1,"3":0,"4":0,"5":0,"6":0,"7":0,"8":1,"9":1,"10":1,"11":1,"12":0,"13":0,"14":1,"15":0,"16":0,"17":0},"f":{"0":1,"1":0,"2":1,"3":0},"b":{"0":[0,0]},"_coverageSchema":"332fd63041d2c1bcb487cc26dd0d5f7d97098a6c","hash":"2230bfeabefacbf4c31ddcaf8ed1e18e60bf204e"}
,"/Users/mdalpozzo/Desktop/hackreactor/CAPSTONE/marlin-product-reviews/client/src/components/keywordFilter.jsx": {"path":"/Users/mdalpozzo/Desktop/hackreactor/CAPSTONE/marlin-product-reviews/client/src/components/keywordFilter.jsx","statementMap":{"0":{"start":{"line":3,"column":22},"end":{"line":11,"column":1}},"1":{"start":{"line":4,"column":13},"end":{"line":4,"column":18}},"2":{"start":{"line":6,"column":2},"end":{"line":10,"column":4}}},"fnMap":{"0":{"name":"(anonymous_0)","decl":{"start":{"line":3,"column":22},"end":{"line":3,"column":23}},"loc":{"start":{"line":3,"column":33},"end":{"line":11,"column":1}},"line":3}},"branchMap":{},"s":{"0":1,"1":1,"2":1},"f":{"0":1},"b":{},"_coverageSchema":"332fd63041d2c1bcb487cc26dd0d5f7d97098a6c","hash":"c3b9c72488f97f68b0cac93bba94baa45ee2462f"}
,"/Users/mdalpozzo/Desktop/hackreactor/CAPSTONE/marlin-product-reviews/client/src/components/pageButtons.jsx": {"path":"/Users/mdalpozzo/Desktop/hackreactor/CAPSTONE/marlin-product-reviews/client/src/components/pageButtons.jsx","statementMap":{"0":{"start":{"line":3,"column":20},"end":{"line":7,"column":1}},"1":{"start":{"line":4,"column":2},"end":{"line":6,"column":4}}},"fnMap":{"0":{"name":"(anonymous_0)","decl":{"start":{"line":3,"column":20},"end":{"line":3,"column":21}},"loc":{"start":{"line":3,"column":31},"end":{"line":7,"column":1}},"line":3}},"branchMap":{},"s":{"0":1,"1":1},"f":{"0":1},"b":{},"_coverageSchema":"332fd63041d2c1bcb487cc26dd0d5f7d97098a6c","hash":"4cd5df1d3df9ca91f445bcb595b8625bbb09cae9"}
,"/Users/mdalpozzo/Desktop/hackreactor/CAPSTONE/marlin-product-reviews/client/src/components/recentReviews.jsx": {"path":"/Users/mdalpozzo/Desktop/hackreactor/CAPSTONE/marlin-product-reviews/client/src/components/recentReviews.jsx","statementMap":{"0":{"start":{"line":3,"column":22},"end":{"line":11,"column":1}},"1":{"start":{"line":4,"column":13},"end":{"line":4,"column":18}},"2":{"start":{"line":6,"column":2},"end":{"line":10,"column":4}}},"fnMap":{"0":{"name":"(anonymous_0)","decl":{"start":{"line":3,"column":22},"end":{"line":3,"column":23}},"loc":{"start":{"line":3,"column":33},"end":{"line":11,"column":1}},"line":3}},"branchMap":{},"s":{"0":1,"1":0,"2":0},"f":{"0":0},"b":{},"_coverageSchema":"332fd63041d2c1bcb487cc26dd0d5f7d97098a6c","hash":"0de7efed8442c293934a375fb0b80f7ec062eae8"}
,"/Users/mdalpozzo/Desktop/hackreactor/CAPSTONE/marlin-product-reviews/client/src/components/reviewEntry.jsx": {"path":"/Users/mdalpozzo/Desktop/hackreactor/CAPSTONE/marlin-product-reviews/client/src/components/reviewEntry.jsx","statementMap":{"0":{"start":{"line":3,"column":20},"end":{"line":52,"column":1}},"1":{"start":{"line":11,"column":6},"end":{"line":11,"column":18}},"2":{"start":{"line":13,"column":24},"end":{"line":25,"column":3}},"3":{"start":{"line":27,"column":18},"end":{"line":27,"column":66}},"4":{"start":{"line":28,"column":18},"end":{"line":28,"column":41}},"5":{"start":{"line":30,"column":2},"end":{"line":51,"column":4}}},"fnMap":{"0":{"name":"(anonymous_0)","decl":{"start":{"line":3,"column":20},"end":{"line":3,"column":21}},"loc":{"start":{"line":3,"column":31},"end":{"line":52,"column":1}},"line":3}},"branchMap":{},"s":{"0":1,"1":0,"2":0,"3":0,"4":0,"5":0},"f":{"0":0},"b":{},"_coverageSchema":"332fd63041d2c1bcb487cc26dd0d5f7d97098a6c","hash":"5a087bd55ac60385435cc4714a149f460495643b"}
,"/Users/mdalpozzo/Desktop/hackreactor/CAPSTONE/marlin-product-reviews/client/src/components/reviewList.jsx": {"path":"/Users/mdalpozzo/Desktop/hackreactor/CAPSTONE/marlin-product-reviews/client/src/components/reviewList.jsx","statementMap":{"0":{"start":{"line":9,"column":4},"end":{"line":9,"column":17}},"1":{"start":{"line":10,"column":4},"end":{"line":14,"column":6}},"2":{"start":{"line":18,"column":4},"end":{"line":18,"column":70}},"3":{"start":{"line":19,"column":4},"end":{"line":19,"column":69}},"4":{"start":{"line":20,"column":4},"end":{"line":22,"column":5}},"5":{"start":{"line":21,"column":6},"end":{"line":21,"column":21}},"6":{"start":{"line":26,"column":20},"end":{"line":26,"column":22}},"7":{"start":{"line":27,"column":4},"end":{"line":29,"column":5}},"8":{"start":{"line":28,"column":6},"end":{"line":28,"column":42}},"9":{"start":{"line":30,"column":4},"end":{"line":33,"column":7}},"10":{"start":{"line":37,"column":4},"end":{"line":49,"column":5}},"11":{"start":{"line":38,"column":22},"end":{"line":38,"column":24}},"12":{"start":{"line":39,"column":26},"end":{"line":39,"column":45}},"13":{"start":{"line":40,"column":20},"end":{"line":40,"column":41}},"14":{"start":{"line":41,"column":18},"end":{"line":41,"column":33}},"15":{"start":{"line":42,"column":6},"end":{"line":44,"column":7}},"16":{"start":{"line":43,"column":8},"end":{"line":43,"column":44}},"17":{"start":{"line":45,"column":6},"end":{"line":48,"column":9}},"18":{"start":{"line":53,"column":4},"end":{"line":65,"column":5}},"19":{"start":{"line":54,"column":22},"end":{"line":54,"column":24}},"20":{"start":{"line":55,"column":26},"end":{"line":55,"column":52}},"21":{"start":{"line":56,"column":20},"end":{"line":56,"column":41}},"22":{"start":{"line":57,"column":18},"end":{"line":57,"column":33}},"23":{"start":{"line":58,"column":6},"end":{"line":60,"column":7}},"24":{"start":{"line":59,"column":8},"end":{"line":59,"column":44}},"25":{"start":{"line":61,"column":6},"end":{"line":64,"column":9}},"26":{"start":{"line":69,"column":4},"end":{"line":81,"column":5}},"27":{"start":{"line":70,"column":22},"end":{"line":70,"column":24}},"28":{"start":{"line":71,"column":26},"end":{"line":71,"column":52}},"29":{"start":{"line":72,"column":20},"end":{"line":72,"column":41}},"30":{"start":{"line":73,"column":18},"end":{"line":73,"column":33}},"31":{"start":{"line":74,"column":6},"end":{"line":76,"column":7}},"32":{"start":{"line":75,"column":8},"end":{"line":75,"column":44}},"33":{"start":{"line":77,"column":6},"end":{"line":80,"column":9}},"34":{"start":{"line":85,"column":4},"end":{"line":85,"column":50}},"35":{"start":{"line":86,"column":20},"end":{"line":86,"column":22}},"36":{"start":{"line":87,"column":4},"end":{"line":89,"column":5}},"37":{"start":{"line":88,"column":6},"end":{"line":88,"column":22}},"38":{"start":{"line":91,"column":4},"end":{"line":106,"column":6}},"39":{"start":{"line":96,"column":37},"end":{"line":96,"column":145}},"40":{"start":{"line":99,"column":42},"end":{"line":99,"column":90}},"41":{"start":{"line":102,"column":37},"end":{"line":102,"column":145}}},"fnMap":{"0":{"name":"(anonymous_0)","decl":{"start":{"line":8,"column":2},"end":{"line":8,"column":3}},"loc":{"start":{"line":8,"column":21},"end":{"line":15,"column":3}},"line":8},"1":{"name":"(anonymous_1)","decl":{"start":{"line":17,"column":2},"end":{"line":17,"column":3}},"loc":{"start":{"line":17,"column":23},"end":{"line":23,"column":3}},"line":17},"2":{"name":"(anonymous_2)","decl":{"start":{"line":25,"column":2},"end":{"line":25,"column":3}},"loc":{"start":{"line":25,"column":12},"end":{"line":34,"column":3}},"line":25},"3":{"name":"(anonymous_3)","decl":{"start":{"line":36,"column":2},"end":{"line":36,"column":3}},"loc":{"start":{"line":36,"column":22},"end":{"line":50,"column":3}},"line":36},"4":{"name":"(anonymous_4)","decl":{"start":{"line":52,"column":2},"end":{"line":52,"column":3}},"loc":{"start":{"line":52,"column":21},"end":{"line":66,"column":3}},"line":52},"5":{"name":"(anonymous_5)","decl":{"start":{"line":68,"column":2},"end":{"line":68,"column":3}},"loc":{"start":{"line":68,"column":21},"end":{"line":82,"column":3}},"line":68},"6":{"name":"(anonymous_6)","decl":{"start":{"line":84,"column":2},"end":{"line":84,"column":3}},"loc":{"start":{"line":84,"column":11},"end":{"line":107,"column":3}},"line":84},"7":{"name":"(anonymous_7)","decl":{"start":{"line":96,"column":23},"end":{"line":96,"column":24}},"loc":{"start":{"line":96,"column":37},"end":{"line":96,"column":145}},"line":96},"8":{"name":"(anonymous_8)","decl":{"start":{"line":99,"column":32},"end":{"line":99,"column":33}},"loc":{"start":{"line":99,"column":42},"end":{"line":99,"column":90}},"line":99},"9":{"name":"(anonymous_9)","decl":{"start":{"line":102,"column":23},"end":{"line":102,"column":24}},"loc":{"start":{"line":102,"column":37},"end":{"line":102,"column":145}},"line":102}},"branchMap":{"0":{"loc":{"start":{"line":20,"column":4},"end":{"line":22,"column":5}},"type":"if","locations":[{"start":{"line":20,"column":4},"end":{"line":22,"column":5}},{"start":{"line":20,"column":4},"end":{"line":22,"column":5}}],"line":20},"1":{"loc":{"start":{"line":37,"column":4},"end":{"line":49,"column":5}},"type":"if","locations":[{"start":{"line":37,"column":4},"end":{"line":49,"column":5}},{"start":{"line":37,"column":4},"end":{"line":49,"column":5}}],"line":37},"2":{"loc":{"start":{"line":53,"column":4},"end":{"line":65,"column":5}},"type":"if","locations":[{"start":{"line":53,"column":4},"end":{"line":65,"column":5}},{"start":{"line":53,"column":4},"end":{"line":65,"column":5}}],"line":53},"3":{"loc":{"start":{"line":69,"column":4},"end":{"line":81,"column":5}},"type":"if","locations":[{"start":{"line":69,"column":4},"end":{"line":81,"column":5}},{"start":{"line":69,"column":4},"end":{"line":81,"column":5}}],"line":69}},"s":{"0":1,"1":1,"2":0,"3":0,"4":0,"5":0,"6":0,"7":0,"8":0,"9":0,"10":0,"11":0,"12":0,"13":0,"14":0,"15":0,"16":0,"17":0,"18":0,"19":0,"20":0,"21":0,"22":0,"23":0,"24":0,"25":0,"26":0,"27":0,"28":0,"29":0,"30":0,"31":0,"32":0,"33":0,"34":1,"35":1,"36":1,"37":0,"38":1,"39":0,"40":0,"41":0},"f":{"0":1,"1":0,"2":0,"3":0,"4":0,"5":0,"6":1,"7":0,"8":0,"9":0},"b":{"0":[0,0],"1":[0,0],"2":[0,0],"3":[0,0]},"_coverageSchema":"332fd63041d2c1bcb487cc26dd0d5f7d97098a6c","hash":"72dbb1aef7f4724376772e0245138d2d77b69153"}
,"/Users/mdalpozzo/Desktop/hackreactor/CAPSTONE/marlin-product-reviews/db/models/reviews.js": {"path":"/Users/mdalpozzo/Desktop/hackreactor/CAPSTONE/marlin-product-reviews/db/models/reviews.js","statementMap":{"0":{"start":{"line":1,"column":17},"end":{"line":1,"column":36}},"1":{"start":{"line":3,"column":21},"end":{"line":10,"column":2}},"2":{"start":{"line":12,"column":20},"end":{"line":12,"column":58}},"3":{"start":{"line":18,"column":16},"end":{"line":21,"column":1}},"4":{"start":{"line":19,"column":2},"end":{"line":19,"column":50}},"5":{"start":{"line":20,"column":2},"end":{"line":20,"column":46}},"6":{"start":{"line":26,"column":24},"end":{"line":30,"column":1}},"7":{"start":{"line":27,"column":2},"end":{"line":29,"column":20}},"8":{"start":{"line":32,"column":0},"end":{"line":32,"column":26}},"9":{"start":{"line":33,"column":0},"end":{"line":33,"column":42}}},"fnMap":{"0":{"name":"(anonymous_0)","decl":{"start":{"line":18,"column":16},"end":{"line":18,"column":17}},"loc":{"start":{"line":18,"column":41},"end":{"line":21,"column":1}},"line":18},"1":{"name":"(anonymous_1)","decl":{"start":{"line":26,"column":24},"end":{"line":26,"column":25}},"loc":{"start":{"line":26,"column":42},"end":{"line":30,"column":1}},"line":26}},"branchMap":{},"s":{"0":1,"1":1,"2":1,"3":1,"4":1,"5":1,"6":1,"7":4,"8":1,"9":1},"f":{"0":1,"1":4},"b":{},"_coverageSchema":"332fd63041d2c1bcb487cc26dd0d5f7d97098a6c","hash":"d4ec213d58ea827eac85a81d201951498bcbbe30"}
,"/Users/mdalpozzo/Desktop/hackreactor/CAPSTONE/marlin-product-reviews/test/jestsetup.js": {"path":"/Users/mdalpozzo/Desktop/hackreactor/CAPSTONE/marlin-product-reviews/test/jestsetup.js","statementMap":{"0":{"start":{"line":4,"column":0},"end":{"line":4,"column":45}},"1":{"start":{"line":6,"column":0},"end":{"line":6,"column":25}},"2":{"start":{"line":7,"column":0},"end":{"line":7,"column":23}},"3":{"start":{"line":8,"column":0},"end":{"line":8,"column":21}}},"fnMap":{},"branchMap":{},"s":{"0":2,"1":2,"2":2,"3":2},"f":{},"b":{},"_coverageSchema":"332fd63041d2c1bcb487cc26dd0d5f7d97098a6c","hash":"8de70c8b7a1c420e69ec71fea666bdce86017e08"}
}
