TN:
SF:/Users/mdalpozzo/Desktop/hackreactor/CAPSTONE/marlin-product-reviews/client/src/reviewSection.jsx
FN:11,(anonymous_0)
FN:18,(anonymous_1)
FN:22,(anonymous_2)
FN:25,(anonymous_3)
FN:32,(anonymous_4)
FNF:5
FNH:4
FNDA:1,(anonymous_0)
FNDA:1,(anonymous_1)
FNDA:1,(anonymous_2)
FNDA:0,(anonymous_3)
FNDA:1,(anonymous_4)
DA:12,1
DA:13,1
DA:19,1
DA:23,1
DA:24,1
DA:25,1
DA:26,0
DA:33,1
LF:8
LH:7
BRF:0
BRH:0
end_of_record
TN:
SF:/Users/mdalpozzo/Desktop/hackreactor/CAPSTONE/marlin-product-reviews/client/src/components/customerImages.jsx
FN:3,(anonymous_0)
FNF:1
FNH:1
FNDA:1,(anonymous_0)
DA:3,1
DA:4,1
DA:6,1
LF:3
LH:3
BRF:0
BRH:0
end_of_record
TN:
SF:/Users/mdalpozzo/Desktop/hackreactor/CAPSTONE/marlin-product-reviews/client/src/components/histogram.jsx
FN:3,(anonymous_0)
FN:6,(anonymous_1)
FN:28,(anonymous_2)
FN:38,roundToHalf
FNF:4
FNH:2
FNDA:1,(anonymous_0)
FNDA:0,(anonymous_1)
FNDA:1,(anonymous_2)
FNDA:0,roundToHalf
DA:3,1
DA:4,1
DA:6,1
DA:7,0
DA:8,0
DA:9,0
DA:10,0
DA:13,0
DA:16,1
DA:28,1
DA:29,1
DA:30,1
DA:31,0
DA:33,0
DA:36,1
DA:39,0
DA:42,0
DA:44,0
LF:18
LH:8
BRDA:9,0,0,0
BRDA:9,0,1,0
BRF:2
BRH:0
end_of_record
TN:
SF:/Users/mdalpozzo/Desktop/hackreactor/CAPSTONE/marlin-product-reviews/client/src/components/keywordFilter.jsx
FN:3,(anonymous_0)
FNF:1
FNH:1
FNDA:1,(anonymous_0)
DA:3,1
DA:4,1
DA:6,1
LF:3
LH:3
BRF:0
BRH:0
end_of_record
TN:
SF:/Users/mdalpozzo/Desktop/hackreactor/CAPSTONE/marlin-product-reviews/client/src/components/pageButtons.jsx
FN:3,(anonymous_0)
FNF:1
FNH:1
FNDA:1,(anonymous_0)
DA:3,1
DA:4,1
LF:2
LH:2
BRF:0
BRH:0
end_of_record
TN:
SF:/Users/mdalpozzo/Desktop/hackreactor/CAPSTONE/marlin-product-reviews/client/src/components/recentReviews.jsx
FN:3,(anonymous_0)
FNF:1
FNH:0
FNDA:0,(anonymous_0)
DA:3,1
DA:4,0
DA:6,0
LF:3
LH:1
BRF:0
BRH:0
end_of_record
TN:
SF:/Users/mdalpozzo/Desktop/hackreactor/CAPSTONE/marlin-product-reviews/client/src/components/reviewEntry.jsx
FN:3,(anonymous_0)
FNF:1
FNH:0
FNDA:0,(anonymous_0)
DA:3,1
DA:11,0
DA:13,0
DA:27,0
DA:28,0
DA:30,0
LF:6
LH:1
BRF:0
BRH:0
end_of_record
TN:
SF:/Users/mdalpozzo/Desktop/hackreactor/CAPSTONE/marlin-product-reviews/client/src/components/reviewList.jsx
FN:8,(anonymous_0)
FN:17,(anonymous_1)
FN:25,(anonymous_2)
FN:36,(anonymous_3)
FN:52,(anonymous_4)
FN:68,(anonymous_5)
FN:84,(anonymous_6)
FN:96,(anonymous_7)
FN:99,(anonymous_8)
FN:102,(anonymous_9)
FNF:10
FNH:2
FNDA:1,(anonymous_0)
FNDA:0,(anonymous_1)
FNDA:0,(anonymous_2)
FNDA:0,(anonymous_3)
FNDA:0,(anonymous_4)
FNDA:0,(anonymous_5)
FNDA:1,(anonymous_6)
FNDA:0,(anonymous_7)
FNDA:0,(anonymous_8)
FNDA:0,(anonymous_9)
DA:9,1
DA:10,1
DA:18,0
DA:19,0
DA:20,0
DA:21,0
DA:26,0
DA:27,0
DA:28,0
DA:30,0
DA:37,0
DA:38,0
DA:39,0
DA:40,0
DA:41,0
DA:42,0
DA:43,0
DA:45,0
DA:53,0
DA:54,0
DA:55,0
DA:56,0
DA:57,0
DA:58,0
DA:59,0
DA:61,0
DA:69,0
DA:70,0
DA:71,0
DA:72,0
DA:73,0
DA:74,0
DA:75,0
DA:77,0
DA:85,1
DA:86,1
DA:87,1
DA:88,0
DA:91,1
DA:96,0
DA:99,0
DA:102,0
LF:42
LH:6
BRDA:20,0,0,0
BRDA:20,0,1,0
BRDA:37,1,0,0
BRDA:37,1,1,0
BRDA:53,2,0,0
BRDA:53,2,1,0
BRDA:69,3,0,0
BRDA:69,3,1,0
BRF:8
BRH:0
end_of_record
TN:
SF:/Users/mdalpozzo/Desktop/hackreactor/CAPSTONE/marlin-product-reviews/db/models/reviews.js
FN:18,(anonymous_0)
FN:26,(anonymous_1)
FNF:2
FNH:2
FNDA:1,(anonymous_0)
FNDA:4,(anonymous_1)
DA:1,1
DA:3,1
DA:12,1
DA:18,1
DA:19,1
DA:20,1
DA:26,1
DA:27,4
DA:32,1
DA:33,1
LF:10
LH:10
BRF:0
BRH:0
end_of_record
TN:
SF:/Users/mdalpozzo/Desktop/hackreactor/CAPSTONE/marlin-product-reviews/test/jestsetup.js
FNF:0
FNH:0
DA:4,2
DA:6,2
DA:7,2
DA:8,2
LF:4
LH:4
BRF:0
BRH:0
end_of_record
